<?xml version="1.0" encoding="UTF-8"?>
<!-- Generated by org.testng.reporters.JUnitReportReporter -->
<testsuite skipped="0" hostname="DESKTOP-LBNBJ24" name="br.carloskafka.planetstarwars.TestesControladorPlaneta" tests="1" failures="0" timestamp="17 mar 2019 16:52:24 GMT" time="5.946" errors="0">
  <testcase name="dado_um_cliente_quando_o_cliente_consultar_todos_os_planetas_entao_retorna_a_listagem_de_planetas" time="5.946" classname="br.carloskafka.planetstarwars.TestesControladorPlaneta"/>
</testsuite> <!-- br.carloskafka.planetstarwars.TestesControladorPlaneta -->
